2020-12-18 00:11:36.741  INFO 9108 --- [restartedMain] .EmployeePayrollAppSpringBootApplication : Starting EmployeePayrollAppSpringBootApplication using Java 11.0.8 on DESKTOP-B2JE3BE with PID 9108 (F:\workspace\EmployeePayrollAppSpringBoot\target\classes started by KITZ in F:\workspace\EmployeePayrollAppSpringBoot)
2020-12-18 00:11:36.985 DEBUG 9108 --- [restartedMain] .EmployeePayrollAppSpringBootApplication : Running with Spring Boot v2.4.0, Spring v5.3.1
2020-12-18 00:11:36.986  INFO 9108 --- [restartedMain] .EmployeePayrollAppSpringBootApplication : The following profiles are active: dev
2020-12-18 00:11:53.801  WARN 9108 --- [restartedMain] JpaBaseConfiguration$JpaWebConfiguration : spring.jpa.open-in-view is enabled by default. Therefore, database queries may be performed during view rendering. Explicitly configure spring.jpa.open-in-view to disable this warning
2020-12-18 00:12:15.209  INFO 9108 --- [restartedMain] .EmployeePayrollAppSpringBootApplication : Started EmployeePayrollAppSpringBootApplication in 41.691 seconds (JVM running for 50.382)
2020-12-18 00:12:15.217  INFO 9108 --- [restartedMain] .EmployeePayrollAppSpringBootApplication : Employee Payroll App Started in DEV Environment
2020-12-18 00:12:15.221  INFO 9108 --- [restartedMain] .EmployeePayrollAppSpringBootApplication : Employee Payroll DB USer is payrolluser 
2020-12-18 00:17:49.824 ERROR 9108 --- [http-nio-8082-exec-2] o.a.c.c.C.[.[.[.[dispatcherServlet]      : Servlet.service() for servlet [dispatcherServlet] in context with path [/employee] threw exception [Request processing failed; nested exception is javax.validation.UnexpectedTypeException: HV000030: No validator could be found for constraint 'javax.validation.constraints.NotEmpty' validating type 'java.time.LocalDate'. Check configuration for 'start_date'] with root cause

javax.validation.UnexpectedTypeException: HV000030: No validator could be found for constraint 'javax.validation.constraints.NotEmpty' validating type 'java.time.LocalDate'. Check configuration for 'start_date'
	at org.hibernate.validator.internal.engine.constraintvalidation.ConstraintTree.getExceptionForNullValidator(ConstraintTree.java:116) ~[hibernate-validator-6.1.6.Final.jar:6.1.6.Final]
	at org.hibernate.validator.internal.engine.constraintvalidation.ConstraintTree.getInitializedConstraintValidator(ConstraintTree.java:162) ~[hibernate-validator-6.1.6.Final.jar:6.1.6.Final]
	at org.hibernate.validator.internal.engine.constraintvalidation.SimpleConstraintTree.validateConstraints(SimpleConstraintTree.java:54) ~[hibernate-validator-6.1.6.Final.jar:6.1.6.Final]
	at org.hibernate.validator.internal.engine.constraintvalidation.ConstraintTree.validateConstraints(ConstraintTree.java:75) ~[hibernate-validator-6.1.6.Final.jar:6.1.6.Final]
	at org.hibernate.validator.internal.metadata.core.MetaConstraint.doValidateConstraint(MetaConstraint.java:130) ~[hibernate-validator-6.1.6.Final.jar:6.1.6.Final]
	at org.hibernate.validator.internal.metadata.core.MetaConstraint.validateConstraint(MetaConstraint.java:123) ~[hibernate-validator-6.1.6.Final.jar:6.1.6.Final]
	at org.hibernate.validator.internal.engine.ValidatorImpl.validateMetaConstraint(ValidatorImpl.java:555) ~[hibernate-validator-6.1.6.Final.jar:6.1.6.Final]
	at org.hibernate.validator.internal.engine.ValidatorImpl.validateConstraintsForSingleDefaultGroupElement(ValidatorImpl.java:518) ~[hibernate-validator-6.1.6.Final.jar:6.1.6.Final]
	at org.hibernate.validator.internal.engine.ValidatorImpl.validateConstraintsForDefaultGroup(ValidatorImpl.java:488) ~[hibernate-validator-6.1.6.Final.jar:6.1.6.Final]
	at org.hibernate.validator.internal.engine.ValidatorImpl.validateConstraintsForCurrentGroup(ValidatorImpl.java:450) ~[hibernate-validator-6.1.6.Final.jar:6.1.6.Final]
	at org.hibernate.validator.internal.engine.ValidatorImpl.validateInContext(ValidatorImpl.java:400) ~[hibernate-validator-6.1.6.Final.jar:6.1.6.Final]
	at org.hibernate.validator.internal.engine.ValidatorImpl.validate(ValidatorImpl.java:172) ~[hibernate-validator-6.1.6.Final.jar:6.1.6.Final]
	at org.springframework.validation.beanvalidation.SpringValidatorAdapter.validate(SpringValidatorAdapter.java:117) ~[spring-context-5.3.1.jar:5.3.1]
	at org.springframework.boot.autoconfigure.validation.ValidatorAdapter.validate(ValidatorAdapter.java:70) ~[spring-boot-autoconfigure-2.4.0.jar:2.4.0]
	at org.springframework.validation.DataBinder.validate(DataBinder.java:892) ~[spring-context-5.3.1.jar:5.3.1]
	at org.springframework.web.servlet.mvc.method.annotation.AbstractMessageConverterMethodArgumentResolver.validateIfApplicable(AbstractMessageConverterMethodArgumentResolver.java:266) ~[spring-webmvc-5.3.1.jar:5.3.1]
	at org.springframework.web.servlet.mvc.method.annotation.RequestResponseBodyMethodProcessor.resolveArgument(RequestResponseBodyMethodProcessor.java:137) ~[spring-webmvc-5.3.1.jar:5.3.1]
	at org.springframework.web.method.support.HandlerMethodArgumentResolverComposite.resolveArgument(HandlerMethodArgumentResolverComposite.java:121) ~[spring-web-5.3.1.jar:5.3.1]
	at org.springframework.web.method.support.InvocableHandlerMethod.getMethodArgumentValues(InvocableHandlerMethod.java:170) ~[spring-web-5.3.1.jar:5.3.1]
	at org.springframework.web.method.support.InvocableHandlerMethod.invokeForRequest(InvocableHandlerMethod.java:137) ~[spring-web-5.3.1.jar:5.3.1]
	at org.springframework.web.servlet.mvc.method.annotation.ServletInvocableHandlerMethod.invokeAndHandle(ServletInvocableHandlerMethod.java:106) ~[spring-webmvc-5.3.1.jar:5.3.1]
	at org.springframework.web.servlet.mvc.method.annotation.RequestMappingHandlerAdapter.invokeHandlerMethod(RequestMappingHandlerAdapter.java:893) ~[spring-webmvc-5.3.1.jar:5.3.1]
	at org.springframework.web.servlet.mvc.method.annotation.RequestMappingHandlerAdapter.handleInternal(RequestMappingHandlerAdapter.java:807) ~[spring-webmvc-5.3.1.jar:5.3.1]
	at org.springframework.web.servlet.mvc.method.AbstractHandlerMethodAdapter.handle(AbstractHandlerMethodAdapter.java:87) ~[spring-webmvc-5.3.1.jar:5.3.1]
	at org.springframework.web.servlet.DispatcherServlet.doDispatch(DispatcherServlet.java:1061) ~[spring-webmvc-5.3.1.jar:5.3.1]
	at org.springframework.web.servlet.DispatcherServlet.doService(DispatcherServlet.java:961) ~[spring-webmvc-5.3.1.jar:5.3.1]
	at org.springframework.web.servlet.FrameworkServlet.processRequest(FrameworkServlet.java:1006) ~[spring-webmvc-5.3.1.jar:5.3.1]
	at org.springframework.web.servlet.FrameworkServlet.doPost(FrameworkServlet.java:909) ~[spring-webmvc-5.3.1.jar:5.3.1]
	at javax.servlet.http.HttpServlet.service(HttpServlet.java:652) ~[tomcat-embed-core-9.0.39.jar:4.0.FR]
	at org.springframework.web.servlet.FrameworkServlet.service(FrameworkServlet.java:883) ~[spring-webmvc-5.3.1.jar:5.3.1]
	at javax.servlet.http.HttpServlet.service(HttpServlet.java:733) ~[tomcat-embed-core-9.0.39.jar:4.0.FR]
	at org.apache.catalina.core.ApplicationFilterChain.internalDoFilter(ApplicationFilterChain.java:231) ~[tomcat-embed-core-9.0.39.jar:9.0.39]
	at org.apache.catalina.core.ApplicationFilterChain.doFilter(ApplicationFilterChain.java:166) ~[tomcat-embed-core-9.0.39.jar:9.0.39]
	at org.apache.tomcat.websocket.server.WsFilter.doFilter(WsFilter.java:53) ~[tomcat-embed-websocket-9.0.39.jar:9.0.39]
	at org.apache.catalina.core.ApplicationFilterChain.internalDoFilter(ApplicationFilterChain.java:193) ~[tomcat-embed-core-9.0.39.jar:9.0.39]
	at org.apache.catalina.core.ApplicationFilterChain.doFilter(ApplicationFilterChain.java:166) ~[tomcat-embed-core-9.0.39.jar:9.0.39]
	at org.springframework.web.filter.RequestContextFilter.doFilterInternal(RequestContextFilter.java:100) ~[spring-web-5.3.1.jar:5.3.1]
	at org.springframework.web.filter.OncePerRequestFilter.doFilter(OncePerRequestFilter.java:119) ~[spring-web-5.3.1.jar:5.3.1]
	at org.apache.catalina.core.ApplicationFilterChain.internalDoFilter(ApplicationFilterChain.java:193) ~[tomcat-embed-core-9.0.39.jar:9.0.39]
	at org.apache.catalina.core.ApplicationFilterChain.doFilter(ApplicationFilterChain.java:166) ~[tomcat-embed-core-9.0.39.jar:9.0.39]
	at org.springframework.web.filter.FormContentFilter.doFilterInternal(FormContentFilter.java:93) ~[spring-web-5.3.1.jar:5.3.1]
	at org.springframework.web.filter.OncePerRequestFilter.doFilter(OncePerRequestFilter.java:119) ~[spring-web-5.3.1.jar:5.3.1]
	at org.apache.catalina.core.ApplicationFilterChain.internalDoFilter(ApplicationFilterChain.java:193) ~[tomcat-embed-core-9.0.39.jar:9.0.39]
	at org.apache.catalina.core.ApplicationFilterChain.doFilter(ApplicationFilterChain.java:166) ~[tomcat-embed-core-9.0.39.jar:9.0.39]
	at org.springframework.web.filter.CharacterEncodingFilter.doFilterInternal(CharacterEncodingFilter.java:201) ~[spring-web-5.3.1.jar:5.3.1]
	at org.springframework.web.filter.OncePerRequestFilter.doFilter(OncePerRequestFilter.java:119) ~[spring-web-5.3.1.jar:5.3.1]
	at org.apache.catalina.core.ApplicationFilterChain.internalDoFilter(ApplicationFilterChain.java:193) ~[tomcat-embed-core-9.0.39.jar:9.0.39]
	at org.apache.catalina.core.ApplicationFilterChain.doFilter(ApplicationFilterChain.java:166) ~[tomcat-embed-core-9.0.39.jar:9.0.39]
	at org.apache.catalina.core.StandardWrapperValve.invoke(StandardWrapperValve.java:202) ~[tomcat-embed-core-9.0.39.jar:9.0.39]
	at org.apache.catalina.core.StandardContextValve.invoke(StandardContextValve.java:97) ~[tomcat-embed-core-9.0.39.jar:9.0.39]
	at org.apache.catalina.authenticator.AuthenticatorBase.invoke(AuthenticatorBase.java:542) ~[tomcat-embed-core-9.0.39.jar:9.0.39]
	at org.apache.catalina.core.StandardHostValve.invoke(StandardHostValve.java:143) ~[tomcat-embed-core-9.0.39.jar:9.0.39]
	at org.apache.catalina.valves.ErrorReportValve.invoke(ErrorReportValve.java:92) ~[tomcat-embed-core-9.0.39.jar:9.0.39]
	at org.apache.catalina.core.StandardEngineValve.invoke(StandardEngineValve.java:78) ~[tomcat-embed-core-9.0.39.jar:9.0.39]
	at org.apache.catalina.connector.CoyoteAdapter.service(CoyoteAdapter.java:343) ~[tomcat-embed-core-9.0.39.jar:9.0.39]
	at org.apache.coyote.http11.Http11Processor.service(Http11Processor.java:374) ~[tomcat-embed-core-9.0.39.jar:9.0.39]
	at org.apache.coyote.AbstractProcessorLight.process(AbstractProcessorLight.java:65) ~[tomcat-embed-core-9.0.39.jar:9.0.39]
	at org.apache.coyote.AbstractProtocol$ConnectionHandler.process(AbstractProtocol.java:868) ~[tomcat-embed-core-9.0.39.jar:9.0.39]
	at org.apache.tomcat.util.net.NioEndpoint$SocketProcessor.doRun(NioEndpoint.java:1590) ~[tomcat-embed-core-9.0.39.jar:9.0.39]
	at org.apache.tomcat.util.net.SocketProcessorBase.run(SocketProcessorBase.java:49) ~[tomcat-embed-core-9.0.39.jar:9.0.39]
	at java.base/java.util.concurrent.ThreadPoolExecutor.runWorker(ThreadPoolExecutor.java:1128) ~[na:na]
	at java.base/java.util.concurrent.ThreadPoolExecutor$Worker.run(ThreadPoolExecutor.java:628) ~[na:na]
	at org.apache.tomcat.util.threads.TaskThread$WrappingRunnable.run(TaskThread.java:61) ~[tomcat-embed-core-9.0.39.jar:9.0.39]
	at java.base/java.lang.Thread.run(Thread.java:834) ~[na:na]

2020-12-18 00:19:39.942  INFO 9108 --- [restartedMain] .EmployeePayrollAppSpringBootApplication : Starting EmployeePayrollAppSpringBootApplication using Java 11.0.8 on DESKTOP-B2JE3BE with PID 9108 (F:\workspace\EmployeePayrollAppSpringBoot\target\classes started by KITZ in F:\workspace\EmployeePayrollAppSpringBoot)
2020-12-18 00:19:39.949 DEBUG 9108 --- [restartedMain] .EmployeePayrollAppSpringBootApplication : Running with Spring Boot v2.4.0, Spring v5.3.1
2020-12-18 00:19:39.951  INFO 9108 --- [restartedMain] .EmployeePayrollAppSpringBootApplication : The following profiles are active: dev
2020-12-18 00:19:44.126  WARN 9108 --- [restartedMain] JpaBaseConfiguration$JpaWebConfiguration : spring.jpa.open-in-view is enabled by default. Therefore, database queries may be performed during view rendering. Explicitly configure spring.jpa.open-in-view to disable this warning
2020-12-18 00:19:45.730  INFO 9108 --- [restartedMain] .EmployeePayrollAppSpringBootApplication : Started EmployeePayrollAppSpringBootApplication in 6.112 seconds (JVM running for 500.903)
2020-12-18 00:19:45.747  INFO 9108 --- [restartedMain] .EmployeePayrollAppSpringBootApplication : Employee Payroll App Started in DEV Environment
2020-12-18 00:19:45.752  INFO 9108 --- [restartedMain] .EmployeePayrollAppSpringBootApplication : Employee Payroll DB USer is payrolluser 
2020-12-18 00:20:12.514  INFO 12340 --- [restartedMain] .EmployeePayrollAppSpringBootApplication : Starting EmployeePayrollAppSpringBootApplication using Java 11.0.8 on DESKTOP-B2JE3BE with PID 12340 (F:\workspace\EmployeePayrollAppSpringBoot\target\classes started by KITZ in F:\workspace\EmployeePayrollAppSpringBoot)
2020-12-18 00:20:12.523 DEBUG 12340 --- [restartedMain] .EmployeePayrollAppSpringBootApplication : Running with Spring Boot v2.4.0, Spring v5.3.1
2020-12-18 00:20:12.524  INFO 12340 --- [restartedMain] .EmployeePayrollAppSpringBootApplication : The following profiles are active: dev
2020-12-18 00:20:27.388  WARN 12340 --- [restartedMain] JpaBaseConfiguration$JpaWebConfiguration : spring.jpa.open-in-view is enabled by default. Therefore, database queries may be performed during view rendering. Explicitly configure spring.jpa.open-in-view to disable this warning
2020-12-18 00:20:41.539  INFO 12340 --- [restartedMain] .EmployeePayrollAppSpringBootApplication : Started EmployeePayrollAppSpringBootApplication in 32.521 seconds (JVM running for 41.016)
2020-12-18 00:20:41.571  INFO 12340 --- [restartedMain] .EmployeePayrollAppSpringBootApplication : Employee Payroll App Started in DEV Environment
2020-12-18 00:20:41.625  INFO 12340 --- [restartedMain] .EmployeePayrollAppSpringBootApplication : Employee Payroll DB USer is payrolluser 
2020-12-18 00:20:55.907 ERROR 12340 --- [http-nio-8082-exec-1] o.a.c.c.C.[.[.[.[dispatcherServlet]      : Servlet.service() for servlet [dispatcherServlet] in context with path [/employee] threw exception [Request processing failed; nested exception is javax.validation.UnexpectedTypeException: HV000030: No validator could be found for constraint 'javax.validation.constraints.NotEmpty' validating type 'java.lang.Double'. Check configuration for 'salary'] with root cause

javax.validation.UnexpectedTypeException: HV000030: No validator could be found for constraint 'javax.validation.constraints.NotEmpty' validating type 'java.lang.Double'. Check configuration for 'salary'
	at org.hibernate.validator.internal.engine.constraintvalidation.ConstraintTree.getExceptionForNullValidator(ConstraintTree.java:116) ~[hibernate-validator-6.1.6.Final.jar:6.1.6.Final]
	at org.hibernate.validator.internal.engine.constraintvalidation.ConstraintTree.getInitializedConstraintValidator(ConstraintTree.java:162) ~[hibernate-validator-6.1.6.Final.jar:6.1.6.Final]
	at org.hibernate.validator.internal.engine.constraintvalidation.SimpleConstraintTree.validateConstraints(SimpleConstraintTree.java:54) ~[hibernate-validator-6.1.6.Final.jar:6.1.6.Final]
	at org.hibernate.validator.internal.engine.constraintvalidation.ConstraintTree.validateConstraints(ConstraintTree.java:75) ~[hibernate-validator-6.1.6.Final.jar:6.1.6.Final]
	at org.hibernate.validator.internal.metadata.core.MetaConstraint.doValidateConstraint(MetaConstraint.java:130) ~[hibernate-validator-6.1.6.Final.jar:6.1.6.Final]
	at org.hibernate.validator.internal.metadata.core.MetaConstraint.validateConstraint(MetaConstraint.java:123) ~[hibernate-validator-6.1.6.Final.jar:6.1.6.Final]
	at org.hibernate.validator.internal.engine.ValidatorImpl.validateMetaConstraint(ValidatorImpl.java:555) ~[hibernate-validator-6.1.6.Final.jar:6.1.6.Final]
	at org.hibernate.validator.internal.engine.ValidatorImpl.validateConstraintsForSingleDefaultGroupElement(ValidatorImpl.java:518) ~[hibernate-validator-6.1.6.Final.jar:6.1.6.Final]
	at org.hibernate.validator.internal.engine.ValidatorImpl.validateConstraintsForDefaultGroup(ValidatorImpl.java:488) ~[hibernate-validator-6.1.6.Final.jar:6.1.6.Final]
	at org.hibernate.validator.internal.engine.ValidatorImpl.validateConstraintsForCurrentGroup(ValidatorImpl.java:450) ~[hibernate-validator-6.1.6.Final.jar:6.1.6.Final]
	at org.hibernate.validator.internal.engine.ValidatorImpl.validateInContext(ValidatorImpl.java:400) ~[hibernate-validator-6.1.6.Final.jar:6.1.6.Final]
	at org.hibernate.validator.internal.engine.ValidatorImpl.validate(ValidatorImpl.java:172) ~[hibernate-validator-6.1.6.Final.jar:6.1.6.Final]
	at org.springframework.validation.beanvalidation.SpringValidatorAdapter.validate(SpringValidatorAdapter.java:117) ~[spring-context-5.3.1.jar:5.3.1]
	at org.springframework.boot.autoconfigure.validation.ValidatorAdapter.validate(ValidatorAdapter.java:70) ~[spring-boot-autoconfigure-2.4.0.jar:2.4.0]
	at org.springframework.validation.DataBinder.validate(DataBinder.java:892) ~[spring-context-5.3.1.jar:5.3.1]
	at org.springframework.web.servlet.mvc.method.annotation.AbstractMessageConverterMethodArgumentResolver.validateIfApplicable(AbstractMessageConverterMethodArgumentResolver.java:266) ~[spring-webmvc-5.3.1.jar:5.3.1]
	at org.springframework.web.servlet.mvc.method.annotation.RequestResponseBodyMethodProcessor.resolveArgument(RequestResponseBodyMethodProcessor.java:137) ~[spring-webmvc-5.3.1.jar:5.3.1]
	at org.springframework.web.method.support.HandlerMethodArgumentResolverComposite.resolveArgument(HandlerMethodArgumentResolverComposite.java:121) ~[spring-web-5.3.1.jar:5.3.1]
	at org.springframework.web.method.support.InvocableHandlerMethod.getMethodArgumentValues(InvocableHandlerMethod.java:170) ~[spring-web-5.3.1.jar:5.3.1]
	at org.springframework.web.method.support.InvocableHandlerMethod.invokeForRequest(InvocableHandlerMethod.java:137) ~[spring-web-5.3.1.jar:5.3.1]
	at org.springframework.web.servlet.mvc.method.annotation.ServletInvocableHandlerMethod.invokeAndHandle(ServletInvocableHandlerMethod.java:106) ~[spring-webmvc-5.3.1.jar:5.3.1]
	at org.springframework.web.servlet.mvc.method.annotation.RequestMappingHandlerAdapter.invokeHandlerMethod(RequestMappingHandlerAdapter.java:893) ~[spring-webmvc-5.3.1.jar:5.3.1]
	at org.springframework.web.servlet.mvc.method.annotation.RequestMappingHandlerAdapter.handleInternal(RequestMappingHandlerAdapter.java:807) ~[spring-webmvc-5.3.1.jar:5.3.1]
	at org.springframework.web.servlet.mvc.method.AbstractHandlerMethodAdapter.handle(AbstractHandlerMethodAdapter.java:87) ~[spring-webmvc-5.3.1.jar:5.3.1]
	at org.springframework.web.servlet.DispatcherServlet.doDispatch(DispatcherServlet.java:1061) ~[spring-webmvc-5.3.1.jar:5.3.1]
	at org.springframework.web.servlet.DispatcherServlet.doService(DispatcherServlet.java:961) ~[spring-webmvc-5.3.1.jar:5.3.1]
	at org.springframework.web.servlet.FrameworkServlet.processRequest(FrameworkServlet.java:1006) ~[spring-webmvc-5.3.1.jar:5.3.1]
	at org.springframework.web.servlet.FrameworkServlet.doPost(FrameworkServlet.java:909) ~[spring-webmvc-5.3.1.jar:5.3.1]
	at javax.servlet.http.HttpServlet.service(HttpServlet.java:652) ~[tomcat-embed-core-9.0.39.jar:4.0.FR]
	at org.springframework.web.servlet.FrameworkServlet.service(FrameworkServlet.java:883) ~[spring-webmvc-5.3.1.jar:5.3.1]
	at javax.servlet.http.HttpServlet.service(HttpServlet.java:733) ~[tomcat-embed-core-9.0.39.jar:4.0.FR]
	at org.apache.catalina.core.ApplicationFilterChain.internalDoFilter(ApplicationFilterChain.java:231) ~[tomcat-embed-core-9.0.39.jar:9.0.39]
	at org.apache.catalina.core.ApplicationFilterChain.doFilter(ApplicationFilterChain.java:166) ~[tomcat-embed-core-9.0.39.jar:9.0.39]
	at org.apache.tomcat.websocket.server.WsFilter.doFilter(WsFilter.java:53) ~[tomcat-embed-websocket-9.0.39.jar:9.0.39]
	at org.apache.catalina.core.ApplicationFilterChain.internalDoFilter(ApplicationFilterChain.java:193) ~[tomcat-embed-core-9.0.39.jar:9.0.39]
	at org.apache.catalina.core.ApplicationFilterChain.doFilter(ApplicationFilterChain.java:166) ~[tomcat-embed-core-9.0.39.jar:9.0.39]
	at org.springframework.web.filter.RequestContextFilter.doFilterInternal(RequestContextFilter.java:100) ~[spring-web-5.3.1.jar:5.3.1]
	at org.springframework.web.filter.OncePerRequestFilter.doFilter(OncePerRequestFilter.java:119) ~[spring-web-5.3.1.jar:5.3.1]
	at org.apache.catalina.core.ApplicationFilterChain.internalDoFilter(ApplicationFilterChain.java:193) ~[tomcat-embed-core-9.0.39.jar:9.0.39]
	at org.apache.catalina.core.ApplicationFilterChain.doFilter(ApplicationFilterChain.java:166) ~[tomcat-embed-core-9.0.39.jar:9.0.39]
	at org.springframework.web.filter.FormContentFilter.doFilterInternal(FormContentFilter.java:93) ~[spring-web-5.3.1.jar:5.3.1]
	at org.springframework.web.filter.OncePerRequestFilter.doFilter(OncePerRequestFilter.java:119) ~[spring-web-5.3.1.jar:5.3.1]
	at org.apache.catalina.core.ApplicationFilterChain.internalDoFilter(ApplicationFilterChain.java:193) ~[tomcat-embed-core-9.0.39.jar:9.0.39]
	at org.apache.catalina.core.ApplicationFilterChain.doFilter(ApplicationFilterChain.java:166) ~[tomcat-embed-core-9.0.39.jar:9.0.39]
	at org.springframework.web.filter.CharacterEncodingFilter.doFilterInternal(CharacterEncodingFilter.java:201) ~[spring-web-5.3.1.jar:5.3.1]
	at org.springframework.web.filter.OncePerRequestFilter.doFilter(OncePerRequestFilter.java:119) ~[spring-web-5.3.1.jar:5.3.1]
	at org.apache.catalina.core.ApplicationFilterChain.internalDoFilter(ApplicationFilterChain.java:193) ~[tomcat-embed-core-9.0.39.jar:9.0.39]
	at org.apache.catalina.core.ApplicationFilterChain.doFilter(ApplicationFilterChain.java:166) ~[tomcat-embed-core-9.0.39.jar:9.0.39]
	at org.apache.catalina.core.StandardWrapperValve.invoke(StandardWrapperValve.java:202) ~[tomcat-embed-core-9.0.39.jar:9.0.39]
	at org.apache.catalina.core.StandardContextValve.invoke(StandardContextValve.java:97) ~[tomcat-embed-core-9.0.39.jar:9.0.39]
	at org.apache.catalina.authenticator.AuthenticatorBase.invoke(AuthenticatorBase.java:542) ~[tomcat-embed-core-9.0.39.jar:9.0.39]
	at org.apache.catalina.core.StandardHostValve.invoke(StandardHostValve.java:143) ~[tomcat-embed-core-9.0.39.jar:9.0.39]
	at org.apache.catalina.valves.ErrorReportValve.invoke(ErrorReportValve.java:92) ~[tomcat-embed-core-9.0.39.jar:9.0.39]
	at org.apache.catalina.core.StandardEngineValve.invoke(StandardEngineValve.java:78) ~[tomcat-embed-core-9.0.39.jar:9.0.39]
	at org.apache.catalina.connector.CoyoteAdapter.service(CoyoteAdapter.java:343) ~[tomcat-embed-core-9.0.39.jar:9.0.39]
	at org.apache.coyote.http11.Http11Processor.service(Http11Processor.java:374) ~[tomcat-embed-core-9.0.39.jar:9.0.39]
	at org.apache.coyote.AbstractProcessorLight.process(AbstractProcessorLight.java:65) ~[tomcat-embed-core-9.0.39.jar:9.0.39]
	at org.apache.coyote.AbstractProtocol$ConnectionHandler.process(AbstractProtocol.java:868) ~[tomcat-embed-core-9.0.39.jar:9.0.39]
	at org.apache.tomcat.util.net.NioEndpoint$SocketProcessor.doRun(NioEndpoint.java:1590) ~[tomcat-embed-core-9.0.39.jar:9.0.39]
	at org.apache.tomcat.util.net.SocketProcessorBase.run(SocketProcessorBase.java:49) ~[tomcat-embed-core-9.0.39.jar:9.0.39]
	at java.base/java.util.concurrent.ThreadPoolExecutor.runWorker(ThreadPoolExecutor.java:1128) ~[na:na]
	at java.base/java.util.concurrent.ThreadPoolExecutor$Worker.run(ThreadPoolExecutor.java:628) ~[na:na]
	at org.apache.tomcat.util.threads.TaskThread$WrappingRunnable.run(TaskThread.java:61) ~[tomcat-embed-core-9.0.39.jar:9.0.39]
	at java.base/java.lang.Thread.run(Thread.java:834) ~[na:na]

2020-12-18 00:21:30.030  INFO 12340 --- [restartedMain] .EmployeePayrollAppSpringBootApplication : Starting EmployeePayrollAppSpringBootApplication using Java 11.0.8 on DESKTOP-B2JE3BE with PID 12340 (F:\workspace\EmployeePayrollAppSpringBoot\target\classes started by KITZ in F:\workspace\EmployeePayrollAppSpringBoot)
2020-12-18 00:21:30.041 DEBUG 12340 --- [restartedMain] .EmployeePayrollAppSpringBootApplication : Running with Spring Boot v2.4.0, Spring v5.3.1
2020-12-18 00:21:30.046  INFO 12340 --- [restartedMain] .EmployeePayrollAppSpringBootApplication : The following profiles are active: dev
2020-12-18 00:21:34.771  WARN 12340 --- [restartedMain] JpaBaseConfiguration$JpaWebConfiguration : spring.jpa.open-in-view is enabled by default. Therefore, database queries may be performed during view rendering. Explicitly configure spring.jpa.open-in-view to disable this warning
2020-12-18 00:21:36.676  INFO 12340 --- [restartedMain] .EmployeePayrollAppSpringBootApplication : Started EmployeePayrollAppSpringBootApplication in 7.033 seconds (JVM running for 96.153)
2020-12-18 00:21:36.686  INFO 12340 --- [restartedMain] .EmployeePayrollAppSpringBootApplication : Employee Payroll App Started in DEV Environment
2020-12-18 00:21:36.688  INFO 12340 --- [restartedMain] .EmployeePayrollAppSpringBootApplication : Employee Payroll DB USer is payrolluser 
2020-12-18 00:21:41.751 DEBUG 12340 --- [http-nio-8082-exec-3] c.e.d.c.EmployeePayrollController        : Employee DTO : EmployeePayrollDto(id=null, name=Akansha, gender=F, department=[Finance, HR], salary=45000.0, start_date=2020-10-29, profile_pic=, notes=)
2020-12-18 00:22:27.431  INFO 12620 --- [restartedMain] .EmployeePayrollAppSpringBootApplication : Starting EmployeePayrollAppSpringBootApplication using Java 11.0.8 on DESKTOP-B2JE3BE with PID 12620 (F:\workspace\EmployeePayrollAppSpringBoot\target\classes started by KITZ in F:\workspace\EmployeePayrollAppSpringBoot)
2020-12-18 00:22:27.440 DEBUG 12620 --- [restartedMain] .EmployeePayrollAppSpringBootApplication : Running with Spring Boot v2.4.0, Spring v5.3.1
2020-12-18 00:22:27.457  INFO 12620 --- [restartedMain] .EmployeePayrollAppSpringBootApplication : The following profiles are active: dev
2020-12-18 00:22:41.028  WARN 12620 --- [restartedMain] JpaBaseConfiguration$JpaWebConfiguration : spring.jpa.open-in-view is enabled by default. Therefore, database queries may be performed during view rendering. Explicitly configure spring.jpa.open-in-view to disable this warning
2020-12-18 00:23:02.865  INFO 12620 --- [restartedMain] .EmployeePayrollAppSpringBootApplication : Started EmployeePayrollAppSpringBootApplication in 49.139 seconds (JVM running for 60.247)
2020-12-18 00:23:02.876  INFO 12620 --- [restartedMain] .EmployeePayrollAppSpringBootApplication : Employee Payroll App Started in DEV Environment
2020-12-18 00:23:02.881  INFO 12620 --- [restartedMain] .EmployeePayrollAppSpringBootApplication : Employee Payroll DB USer is payrolluser 
2020-12-18 00:28:08.397  INFO 12620 --- [restartedMain] .EmployeePayrollAppSpringBootApplication : Starting EmployeePayrollAppSpringBootApplication using Java 11.0.8 on DESKTOP-B2JE3BE with PID 12620 (F:\workspace\EmployeePayrollAppSpringBoot\target\classes started by KITZ in F:\workspace\EmployeePayrollAppSpringBoot)
2020-12-18 00:28:08.400 DEBUG 12620 --- [restartedMain] .EmployeePayrollAppSpringBootApplication : Running with Spring Boot v2.4.0, Spring v5.3.1
2020-12-18 00:28:08.401  INFO 12620 --- [restartedMain] .EmployeePayrollAppSpringBootApplication : The following profiles are active: dev
2020-12-18 00:28:19.764  WARN 12620 --- [restartedMain] JpaBaseConfiguration$JpaWebConfiguration : spring.jpa.open-in-view is enabled by default. Therefore, database queries may be performed during view rendering. Explicitly configure spring.jpa.open-in-view to disable this warning
2020-12-18 00:28:25.242  INFO 12620 --- [restartedMain] .EmployeePayrollAppSpringBootApplication : Started EmployeePayrollAppSpringBootApplication in 17.377 seconds (JVM running for 382.624)
2020-12-18 00:28:25.248  INFO 12620 --- [restartedMain] .EmployeePayrollAppSpringBootApplication : Employee Payroll App Started in DEV Environment
2020-12-18 00:28:25.249  INFO 12620 --- [restartedMain] .EmployeePayrollAppSpringBootApplication : Employee Payroll DB USer is payrolluser 
2020-12-18 00:29:53.569  WARN 12620 --- [http-nio-8082-exec-2] .w.s.m.s.DefaultHandlerExceptionResolver : Resolved [org.springframework.http.converter.HttpMessageNotWritableException: Could not write JSON: failed to lazily initialize a collection, could not initialize proxy - no Session; nested exception is com.fasterxml.jackson.databind.JsonMappingException: failed to lazily initialize a collection, could not initialize proxy - no Session (through reference chain: com.example.demo.dto.EmployeePayrollDto["department"])]
2020-12-18 00:30:17.531  INFO 12620 --- [restartedMain] .EmployeePayrollAppSpringBootApplication : Starting EmployeePayrollAppSpringBootApplication using Java 11.0.8 on DESKTOP-B2JE3BE with PID 12620 (F:\workspace\EmployeePayrollAppSpringBoot\target\classes started by KITZ in F:\workspace\EmployeePayrollAppSpringBoot)
2020-12-18 00:30:17.533 DEBUG 12620 --- [restartedMain] .EmployeePayrollAppSpringBootApplication : Running with Spring Boot v2.4.0, Spring v5.3.1
2020-12-18 00:30:17.534  INFO 12620 --- [restartedMain] .EmployeePayrollAppSpringBootApplication : The following profiles are active: dev
2020-12-18 00:30:21.496  WARN 12620 --- [restartedMain] JpaBaseConfiguration$JpaWebConfiguration : spring.jpa.open-in-view is enabled by default. Therefore, database queries may be performed during view rendering. Explicitly configure spring.jpa.open-in-view to disable this warning
2020-12-18 00:30:23.945  INFO 12620 --- [restartedMain] .EmployeePayrollAppSpringBootApplication : Started EmployeePayrollAppSpringBootApplication in 6.543 seconds (JVM running for 501.326)
2020-12-18 00:30:23.953  INFO 12620 --- [restartedMain] .EmployeePayrollAppSpringBootApplication : Employee Payroll App Started in DEV Environment
2020-12-18 00:30:23.954  INFO 12620 --- [restartedMain] .EmployeePayrollAppSpringBootApplication : Employee Payroll DB USer is payrolluser 
2020-12-18 00:30:50.241  INFO 14952 --- [restartedMain] .EmployeePayrollAppSpringBootApplication : Starting EmployeePayrollAppSpringBootApplication using Java 11.0.8 on DESKTOP-B2JE3BE with PID 14952 (F:\workspace\EmployeePayrollAppSpringBoot\target\classes started by KITZ in F:\workspace\EmployeePayrollAppSpringBoot)
2020-12-18 00:30:50.248 DEBUG 14952 --- [restartedMain] .EmployeePayrollAppSpringBootApplication : Running with Spring Boot v2.4.0, Spring v5.3.1
2020-12-18 00:30:50.251  INFO 14952 --- [restartedMain] .EmployeePayrollAppSpringBootApplication : The following profiles are active: dev
2020-12-18 00:31:03.573  WARN 14952 --- [restartedMain] JpaBaseConfiguration$JpaWebConfiguration : spring.jpa.open-in-view is enabled by default. Therefore, database queries may be performed during view rendering. Explicitly configure spring.jpa.open-in-view to disable this warning
2020-12-18 00:31:22.453  INFO 14952 --- [restartedMain] .EmployeePayrollAppSpringBootApplication : Started EmployeePayrollAppSpringBootApplication in 41.886 seconds (JVM running for 51.945)
2020-12-18 00:31:22.479  INFO 14952 --- [restartedMain] .EmployeePayrollAppSpringBootApplication : Employee Payroll App Started in DEV Environment
2020-12-18 00:31:22.489  INFO 14952 --- [restartedMain] .EmployeePayrollAppSpringBootApplication : Employee Payroll DB USer is payrolluser 
2020-12-18 00:33:43.568  INFO 14952 --- [restartedMain] .EmployeePayrollAppSpringBootApplication : Starting EmployeePayrollAppSpringBootApplication using Java 11.0.8 on DESKTOP-B2JE3BE with PID 14952 (F:\workspace\EmployeePayrollAppSpringBoot\target\classes started by KITZ in F:\workspace\EmployeePayrollAppSpringBoot)
2020-12-18 00:33:43.570 DEBUG 14952 --- [restartedMain] .EmployeePayrollAppSpringBootApplication : Running with Spring Boot v2.4.0, Spring v5.3.1
2020-12-18 00:33:43.593  INFO 14952 --- [restartedMain] .EmployeePayrollAppSpringBootApplication : The following profiles are active: dev
2020-12-18 00:33:54.061  WARN 14952 --- [restartedMain] JpaBaseConfiguration$JpaWebConfiguration : spring.jpa.open-in-view is enabled by default. Therefore, database queries may be performed during view rendering. Explicitly configure spring.jpa.open-in-view to disable this warning
2020-12-18 00:33:56.832  INFO 14952 --- [restartedMain] .EmployeePayrollAppSpringBootApplication : Started EmployeePayrollAppSpringBootApplication in 13.88 seconds (JVM running for 206.324)
2020-12-18 00:33:56.859  INFO 14952 --- [restartedMain] .EmployeePayrollAppSpringBootApplication : Employee Payroll App Started in DEV Environment
2020-12-18 00:33:56.859  INFO 14952 --- [restartedMain] .EmployeePayrollAppSpringBootApplication : Employee Payroll DB USer is payrolluser 
2020-12-18 00:42:26.055  INFO 14952 --- [restartedMain] .EmployeePayrollAppSpringBootApplication : Starting EmployeePayrollAppSpringBootApplication using Java 11.0.8 on DESKTOP-B2JE3BE with PID 14952 (F:\workspace\EmployeePayrollAppSpringBoot\target\classes started by KITZ in F:\workspace\EmployeePayrollAppSpringBoot)
2020-12-18 00:42:26.057 DEBUG 14952 --- [restartedMain] .EmployeePayrollAppSpringBootApplication : Running with Spring Boot v2.4.0, Spring v5.3.1
2020-12-18 00:42:26.060  INFO 14952 --- [restartedMain] .EmployeePayrollAppSpringBootApplication : The following profiles are active: dev
2020-12-18 00:42:34.199  WARN 14952 --- [restartedMain] JpaBaseConfiguration$JpaWebConfiguration : spring.jpa.open-in-view is enabled by default. Therefore, database queries may be performed during view rendering. Explicitly configure spring.jpa.open-in-view to disable this warning
2020-12-18 00:42:36.931  INFO 14952 --- [restartedMain] .EmployeePayrollAppSpringBootApplication : Started EmployeePayrollAppSpringBootApplication in 11.443 seconds (JVM running for 726.424)
2020-12-18 00:42:36.936  INFO 14952 --- [restartedMain] .EmployeePayrollAppSpringBootApplication : Employee Payroll App Started in DEV Environment
2020-12-18 00:42:36.936  INFO 14952 --- [restartedMain] .EmployeePayrollAppSpringBootApplication : Employee Payroll DB USer is payrolluser 
2020-12-18 02:26:56.952  INFO 14952 --- [restartedMain] .EmployeePayrollAppSpringBootApplication : Starting EmployeePayrollAppSpringBootApplication using Java 11.0.8 on DESKTOP-B2JE3BE with PID 14952 (F:\workspace\EmployeePayrollAppSpringBoot\target\classes started by KITZ in F:\workspace\EmployeePayrollAppSpringBoot)
2020-12-18 02:26:56.952 DEBUG 14952 --- [restartedMain] .EmployeePayrollAppSpringBootApplication : Running with Spring Boot v2.4.0, Spring v5.3.1
2020-12-18 02:26:56.952  INFO 14952 --- [restartedMain] .EmployeePayrollAppSpringBootApplication : The following profiles are active: dev
2020-12-18 02:26:57.799  WARN 14952 --- [restartedMain] JpaBaseConfiguration$JpaWebConfiguration : spring.jpa.open-in-view is enabled by default. Therefore, database queries may be performed during view rendering. Explicitly configure spring.jpa.open-in-view to disable this warning
2020-12-18 02:26:58.304  INFO 14952 --- [restartedMain] .EmployeePayrollAppSpringBootApplication : Started EmployeePayrollAppSpringBootApplication in 1.415 seconds (JVM running for 6987.796)
2020-12-18 02:26:58.309  INFO 14952 --- [restartedMain] .EmployeePayrollAppSpringBootApplication : Employee Payroll App Started in DEV Environment
2020-12-18 02:26:58.310  INFO 14952 --- [restartedMain] .EmployeePayrollAppSpringBootApplication : Employee Payroll DB USer is payrolluser 
2020-12-18 02:27:31.951  INFO 14952 --- [restartedMain] .EmployeePayrollAppSpringBootApplication : Starting EmployeePayrollAppSpringBootApplication using Java 11.0.8 on DESKTOP-B2JE3BE with PID 14952 (F:\workspace\EmployeePayrollAppSpringBoot\target\classes started by KITZ in F:\workspace\EmployeePayrollAppSpringBoot)
2020-12-18 02:27:31.952 DEBUG 14952 --- [restartedMain] .EmployeePayrollAppSpringBootApplication : Running with Spring Boot v2.4.0, Spring v5.3.1
2020-12-18 02:27:31.952  INFO 14952 --- [restartedMain] .EmployeePayrollAppSpringBootApplication : The following profiles are active: dev
2020-12-18 02:27:33.466  WARN 14952 --- [restartedMain] JpaBaseConfiguration$JpaWebConfiguration : spring.jpa.open-in-view is enabled by default. Therefore, database queries may be performed during view rendering. Explicitly configure spring.jpa.open-in-view to disable this warning
2020-12-18 02:27:34.201  INFO 14952 --- [restartedMain] .EmployeePayrollAppSpringBootApplication : Started EmployeePayrollAppSpringBootApplication in 2.345 seconds (JVM running for 7023.694)
2020-12-18 02:27:34.205  INFO 14952 --- [restartedMain] .EmployeePayrollAppSpringBootApplication : Employee Payroll App Started in DEV Environment
2020-12-18 02:27:34.206  INFO 14952 --- [restartedMain] .EmployeePayrollAppSpringBootApplication : Employee Payroll DB USer is payrolluser 
2020-12-18 02:32:29.401  INFO 14952 --- [restartedMain] .EmployeePayrollAppSpringBootApplication : Starting EmployeePayrollAppSpringBootApplication using Java 11.0.8 on DESKTOP-B2JE3BE with PID 14952 (F:\workspace\EmployeePayrollAppSpringBoot\target\classes started by KITZ in F:\workspace\EmployeePayrollAppSpringBoot)
2020-12-18 02:32:29.401 DEBUG 14952 --- [restartedMain] .EmployeePayrollAppSpringBootApplication : Running with Spring Boot v2.4.0, Spring v5.3.1
2020-12-18 02:32:29.402  INFO 14952 --- [restartedMain] .EmployeePayrollAppSpringBootApplication : The following profiles are active: dev
2020-12-18 02:32:35.951  WARN 14952 --- [restartedMain] JpaBaseConfiguration$JpaWebConfiguration : spring.jpa.open-in-view is enabled by default. Therefore, database queries may be performed during view rendering. Explicitly configure spring.jpa.open-in-view to disable this warning
2020-12-18 02:32:37.269  INFO 14952 --- [restartedMain] .EmployeePayrollAppSpringBootApplication : Started EmployeePayrollAppSpringBootApplication in 8.931 seconds (JVM running for 7326.762)
2020-12-18 02:32:37.279  INFO 14952 --- [restartedMain] .EmployeePayrollAppSpringBootApplication : Employee Payroll App Started in DEV Environment
2020-12-18 02:32:37.280  INFO 14952 --- [restartedMain] .EmployeePayrollAppSpringBootApplication : Employee Payroll DB USer is payrolluser 
2020-12-18 02:32:40.010  INFO 14952 --- [restartedMain] .EmployeePayrollAppSpringBootApplication : Starting EmployeePayrollAppSpringBootApplication using Java 11.0.8 on DESKTOP-B2JE3BE with PID 14952 (F:\workspace\EmployeePayrollAppSpringBoot\target\classes started by KITZ in F:\workspace\EmployeePayrollAppSpringBoot)
2020-12-18 02:32:40.012 DEBUG 14952 --- [restartedMain] .EmployeePayrollAppSpringBootApplication : Running with Spring Boot v2.4.0, Spring v5.3.1
2020-12-18 02:32:40.015  INFO 14952 --- [restartedMain] .EmployeePayrollAppSpringBootApplication : The following profiles are active: dev
2020-12-18 02:32:42.329  WARN 14952 --- [restartedMain] JpaBaseConfiguration$JpaWebConfiguration : spring.jpa.open-in-view is enabled by default. Therefore, database queries may be performed during view rendering. Explicitly configure spring.jpa.open-in-view to disable this warning
2020-12-18 02:32:44.268  INFO 14952 --- [restartedMain] .EmployeePayrollAppSpringBootApplication : Started EmployeePayrollAppSpringBootApplication in 4.47 seconds (JVM running for 7333.761)
2020-12-18 02:32:44.272  INFO 14952 --- [restartedMain] .EmployeePayrollAppSpringBootApplication : Employee Payroll App Started in DEV Environment
2020-12-18 02:32:44.273  INFO 14952 --- [restartedMain] .EmployeePayrollAppSpringBootApplication : Employee Payroll DB USer is payrolluser 
